<?xml version="1.0" encoding="UTF-8"?>
<!-- Generated by org.testng.reporters.JUnitReportReporter -->
<testsuite skipped="0" hostname="YLMF-1711181457" name="com.mjitech.qa.test.Login" tests="5" failures="0" timestamp="13 三月 2019 05:40:00 GMT" time="47.023" errors="0">
  <testcase name="login" time="0.118" classname="com.mjitech.qa.test.Login"/>
  <testcase name="login" time="0.139" classname="com.mjitech.qa.test.Login"/>
  <testcase name="login" time="46.604" classname="com.mjitech.qa.test.Login"/>
  <testcase name="login" time="0.068" classname="com.mjitech.qa.test.Login"/>
  <testcase name="login" time="0.094" classname="com.mjitech.qa.test.Login"/>
</testsuite> <!-- com.mjitech.qa.test.Login -->
